-------------------------------------------------------------------------------
Test set: org.swd.starterj.demo.Smoke_test_for_each_pageobject
-------------------------------------------------------------------------------
Tests run: 1, Failures: 1, Errors: 0, Skipped: 0, Time elapsed: 0.566 sec <<< FAILURE!
trueShouldNeverBeEqualToFalseSoThisCaseShouldFail(org.swd.starterj.demo.Smoke_test_for_each_pageobject)  Time elapsed: 0.008 sec  <<< FAILURE!
java.lang.AssertionError: should fail because tru is not equals to false expected [false] but found [true]
	at org.testng.Assert.fail(Assert.java:94)
	at org.testng.Assert.failNotEquals(Assert.java:494)
	at org.testng.Assert.assertEquals(Assert.java:123)
	at org.testng.Assert.assertEquals(Assert.java:286)
	at org.swd.starterj.demo.Smoke_test_for_each_pageobject.trueShouldNeverBeEqualToFalseSoThisCaseShouldFail(Smoke_test_for_each_pageobject.java:30)
