<?xml version="1.0" encoding="UTF-8"?>
<testng-results skipped="0" failed="1" total="1" passed="0">
  <reporter-output>
  </reporter-output>
  <suite name="org.swd.starterj.demo.Smoke_test_for_each_pageobject" duration-ms="23" started-at="2014-06-25T15:35:01Z" finished-at="2014-06-25T15:35:01Z">
    <groups>
    </groups>
    <test name="Command line test" duration-ms="23" started-at="2014-06-25T15:35:01Z" finished-at="2014-06-25T15:35:01Z">
      <class name="org.swd.starterj.demo.Smoke_test_for_each_pageobject">
        <test-method status="PASS" signature="setUpClass()[pri:0, instance:org.swd.starterj.demo.Smoke_test_for_each_pageobject@2d6e8792]" name="setUpClass" is-config="true" duration-ms="9" started-at="2014-06-25T18:35:01Z" finished-at="2014-06-25T18:35:01Z">
          <reporter-output>
          </reporter-output>
        </test-method> <!-- setUpClass -->
        <test-method status="PASS" signature="setUpMethod()[pri:0, instance:org.swd.starterj.demo.Smoke_test_for_each_pageobject@2d6e8792]" name="setUpMethod" is-config="true" duration-ms="1" started-at="2014-06-25T18:35:01Z" finished-at="2014-06-25T18:35:01Z">
          <reporter-output>
          </reporter-output>
        </test-method> <!-- setUpMethod -->
        <test-method status="FAIL" signature="trueShouldNeverBeEqualToFalseSoThisCaseShouldFail()[pri:0, instance:org.swd.starterj.demo.Smoke_test_for_each_pageobject@2d6e8792]" name="trueShouldNeverBeEqualToFalseSoThisCaseShouldFail" duration-ms="3" started-at="2014-06-25T18:35:01Z" finished-at="2014-06-25T18:35:01Z">
          <exception class="java.lang.AssertionError">
            <message>
              <![CDATA[should fail because tru is not equals to false expected [false] but found [true]]]>
            </message>
            <full-stacktrace>
              <![CDATA[java.lang.AssertionError: should fail because tru is not equals to false expected [false] but found [true]
	at org.testng.Assert.fail(Assert.java:94)
	at org.testng.Assert.failNotEquals(Assert.java:494)
	at org.testng.Assert.assertEquals(Assert.java:123)
	at org.testng.Assert.assertEquals(Assert.java:286)
	at org.swd.starterj.demo.Smoke_test_for_each_pageobject.trueShouldNeverBeEqualToFalseSoThisCaseShouldFail(Smoke_test_for_each_pageobject.java:30)
	at sun.reflect.NativeMethodAccessorImpl.invoke0(Native Method)
	at sun.reflect.NativeMethodAccessorImpl.invoke(NativeMethodAccessorImpl.java:62)
	at sun.reflect.DelegatingMethodAccessorImpl.invoke(DelegatingMethodAccessorImpl.java:43)
	at java.lang.reflect.Method.invoke(Method.java:483)
	at org.testng.internal.MethodInvocationHelper.invokeMethod(MethodInvocationHelper.java:84)
	at org.testng.internal.Invoker.invokeMethod(Invoker.java:714)
	at org.testng.internal.Invoker.invokeTestMethod(Invoker.java:901)
	at org.testng.internal.Invoker.invokeTestMethods(Invoker.java:1231)
	at org.testng.internal.TestMethodWorker.invokeTestMethods(TestMethodWorker.java:127)
	at org.testng.internal.TestMethodWorker.run(TestMethodWorker.java:111)
	at org.testng.TestRunner.privateRun(TestRunner.java:767)
	at org.testng.TestRunner.run(TestRunner.java:617)
	at org.testng.SuiteRunner.runTest(SuiteRunner.java:348)
	at org.testng.SuiteRunner.runSequentially(SuiteRunner.java:343)
	at org.testng.SuiteRunner.privateRun(SuiteRunner.java:305)
	at org.testng.SuiteRunner.run(SuiteRunner.java:254)
	at org.testng.SuiteRunnerWorker.runSuite(SuiteRunnerWorker.java:52)
	at org.testng.SuiteRunnerWorker.run(SuiteRunnerWorker.java:86)
	at org.testng.TestNG.runSuitesSequentially(TestNG.java:1224)
	at org.testng.TestNG.runSuitesLocally(TestNG.java:1149)
	at org.testng.TestNG.run(TestNG.java:1057)
	at org.apache.maven.surefire.testng.TestNGExecutor.run(TestNGExecutor.java:70)
	at org.apache.maven.surefire.testng.TestNGDirectoryTestSuite.execute(TestNGDirectoryTestSuite.java:109)
	at org.apache.maven.surefire.testng.TestNGProvider.invoke(TestNGProvider.java:111)
	at sun.reflect.NativeMethodAccessorImpl.invoke0(Native Method)
	at sun.reflect.NativeMethodAccessorImpl.invoke(NativeMethodAccessorImpl.java:62)
	at sun.reflect.DelegatingMethodAccessorImpl.invoke(DelegatingMethodAccessorImpl.java:43)
	at java.lang.reflect.Method.invoke(Method.java:483)
	at org.apache.maven.surefire.util.ReflectionUtils.invokeMethodWithArray(ReflectionUtils.java:164)
	at org.apache.maven.surefire.booter.ProviderFactory$ProviderProxy.invoke(ProviderFactory.java:110)
	at org.apache.maven.surefire.booter.SurefireStarter.invokeProvider(SurefireStarter.java:175)
	at org.apache.maven.surefire.booter.SurefireStarter.runSuitesInProcessWhenForked(SurefireStarter.java:107)
	at org.apache.maven.surefire.booter.ForkedBooter.main(ForkedBooter.java:68)
]]>
            </full-stacktrace>
          </exception> <!-- java.lang.AssertionError -->
          <reporter-output>
          </reporter-output>
        </test-method> <!-- trueShouldNeverBeEqualToFalseSoThisCaseShouldFail -->
        <test-method status="PASS" signature="tearDownClass()[pri:0, instance:org.swd.starterj.demo.Smoke_test_for_each_pageobject@2d6e8792]" name="tearDownClass" is-config="true" duration-ms="0" started-at="2014-06-25T18:35:01Z" finished-at="2014-06-25T18:35:01Z">
          <reporter-output>
          </reporter-output>
        </test-method> <!-- tearDownClass -->
        <test-method status="PASS" signature="tearDownMethod()[pri:0, instance:org.swd.starterj.demo.Smoke_test_for_each_pageobject@2d6e8792]" name="tearDownMethod" is-config="true" duration-ms="0" started-at="2014-06-25T18:35:01Z" finished-at="2014-06-25T18:35:01Z">
          <reporter-output>
          </reporter-output>
        </test-method> <!-- tearDownMethod -->
      </class> <!-- org.swd.starterj.demo.Smoke_test_for_each_pageobject -->
    </test> <!-- Command line test -->
  </suite> <!-- org.swd.starterj.demo.Smoke_test_for_each_pageobject -->
</testng-results>
