<?xml version="1.0" encoding="UTF-8"?>
<!-- Generated by org.testng.reporters.JUnitXMLReporter -->
<testsuite hostname="lena" name="Command line test" tests="1" failures="1" timestamp="25 Jun 2014 15:35:01 GMT" time="0.023" errors="0">
  <testcase name="trueShouldNeverBeEqualToFalseSoThisCaseShouldFail" time="0.003" classname="org.swd.starterj.demo.Smoke_test_for_each_pageobject">
    <failure type="java.lang.AssertionError" message="should fail because tru is not equals to false expected [false] but found [true]">
      <![CDATA[java.lang.AssertionError: should fail because tru is not equals to false expected [false] but found [true]
	at org.swd.starterj.demo.Smoke_test_for_each_pageobject.trueShouldNeverBeEqualToFalseSoThisCaseShouldFail(Smoke_test_for_each_pageobject.java:30)
... Removed 37 stack frames]]>
    </failure>
  </testcase> <!-- trueShouldNeverBeEqualToFalseSoThisCaseShouldFail -->
</testsuite> <!-- Command line test -->
